<?xml version="1.0" encoding="UTF-8"?>
<!-- Generated by org.testng.reporters.JUnitReportReporter -->
<testsuite hostname="SL-1155.austin.rr.com" name="com.DemoTest.Tests.WebDemoTest" tests="12" failures="0" timestamp="28 Feb 2019 20:56:05 GMT" time="349.517" errors="0">
  <testcase name="Loginother" time="23.836" classname="com.DemoTest.Tests.WebDemoTest"/>
  <testcase name="Loginother" time="25.083" classname="com.DemoTest.Tests.WebDemoTest"/>
  <testcase name="Login" time="33.758" classname="com.DemoTest.Tests.WebDemoTest"/>
  <testcase name="Loginother" time="28.539" classname="com.DemoTest.Tests.WebDemoTest"/>
  <testcase name="Loginother" time="23.211" classname="com.DemoTest.Tests.WebDemoTest"/>
  <testcase name="Loginother" time="23.201" classname="com.DemoTest.Tests.WebDemoTest"/>
  <testcase name="Loginother" time="30.216" classname="com.DemoTest.Tests.WebDemoTest"/>
  <testcase name="Loginother" time="27.069" classname="com.DemoTest.Tests.WebDemoTest"/>
  <testcase name="Login" time="32.464" classname="com.DemoTest.Tests.WebDemoTest"/>
  <testcase name="Loginother" time="32.642" classname="com.DemoTest.Tests.WebDemoTest"/>
  <testcase name="Loginother" time="26.419" classname="com.DemoTest.Tests.WebDemoTest"/>
  <testcase name="Login" time="43.079" classname="com.DemoTest.Tests.WebDemoTest"/>
</testsuite> <!-- com.DemoTest.Tests.WebDemoTest -->
