<?xml version="1.0" encoding="UTF-8"?>
<!-- Generated by org.testng.reporters.JUnitReportReporter -->
<testsuite hostname="SL-1155.attlocal.net" failures="0" tests="12" name="com.DemoTest.Tests.WebDemoTest" time="314.159" errors="0" timestamp="27 Apr 2019 13:28:25 GMT">
  <testcase classname="com.DemoTest.Tests.WebDemoTest" name="Loginother" time="20.616"/>
  <testcase classname="com.DemoTest.Tests.WebDemoTest" name="Loginother" time="27.967"/>
  <testcase classname="com.DemoTest.Tests.WebDemoTest" name="Loginother" time="26.644"/>
  <testcase classname="com.DemoTest.Tests.WebDemoTest" name="Loginother" time="20.795"/>
  <testcase classname="com.DemoTest.Tests.WebDemoTest" name="Loginother" time="23.879"/>
  <testcase classname="com.DemoTest.Tests.WebDemoTest" name="Login" time="27.773"/>
  <testcase classname="com.DemoTest.Tests.WebDemoTest" name="Loginother" time="25.497"/>
  <testcase classname="com.DemoTest.Tests.WebDemoTest" name="Login" time="28.454"/>
  <testcase classname="com.DemoTest.Tests.WebDemoTest" name="Loginother" time="27.158"/>
  <testcase classname="com.DemoTest.Tests.WebDemoTest" name="Loginother" time="22.922"/>
  <testcase classname="com.DemoTest.Tests.WebDemoTest" name="Loginother" time="26.470"/>
  <testcase classname="com.DemoTest.Tests.WebDemoTest" name="Login" time="35.984"/>
</testsuite> <!-- com.DemoTest.Tests.WebDemoTest -->
