<?xml version="1.0" encoding="UTF-8"?>
<!-- Generated by org.testng.reporters.JUnitReportReporter -->
<testsuite hostname="SL-1155.attlocal.net" name="com.DemoTest.Tests.WebDemoTest" tests="12" failures="0" timestamp="21 Feb 2019 16:00:28 GMT" time="343.984" errors="0">
  <testcase name="Loginother" time="27.809" classname="com.DemoTest.Tests.WebDemoTest"/>
  <testcase name="Loginother" time="31.233" classname="com.DemoTest.Tests.WebDemoTest"/>
  <testcase name="Loginother" time="25.082" classname="com.DemoTest.Tests.WebDemoTest"/>
  <testcase name="Loginother" time="27.726" classname="com.DemoTest.Tests.WebDemoTest"/>
  <testcase name="Loginother" time="29.039" classname="com.DemoTest.Tests.WebDemoTest"/>
  <testcase name="Login" time="31.691" classname="com.DemoTest.Tests.WebDemoTest"/>
  <testcase name="Loginother" time="31.370" classname="com.DemoTest.Tests.WebDemoTest"/>
  <testcase name="Login" time="27.472" classname="com.DemoTest.Tests.WebDemoTest"/>
  <testcase name="Loginother" time="25.635" classname="com.DemoTest.Tests.WebDemoTest"/>
  <testcase name="Loginother" time="24.102" classname="com.DemoTest.Tests.WebDemoTest"/>
  <testcase name="Loginother" time="29.964" classname="com.DemoTest.Tests.WebDemoTest"/>
  <testcase name="Login" time="32.861" classname="com.DemoTest.Tests.WebDemoTest"/>
</testsuite> <!-- com.DemoTest.Tests.WebDemoTest -->
