<?xml version="1.0" encoding="UTF-8"?>
<!-- Generated by org.testng.reporters.JUnitReportReporter -->
<testsuite hostname="SL-1155.attlocal.net" failures="0" tests="12" name="com.DemoTest.Tests.WebDemoTest" time="356.882" errors="0" timestamp="15 Mar 2019 13:13:22 GMT">
  <testcase classname="com.DemoTest.Tests.WebDemoTest" name="Login" time="33.259"/>
  <testcase classname="com.DemoTest.Tests.WebDemoTest" name="Loginother" time="26.400"/>
  <testcase classname="com.DemoTest.Tests.WebDemoTest" name="Loginother" time="35.549"/>
  <testcase classname="com.DemoTest.Tests.WebDemoTest" name="Loginother" time="25.668"/>
  <testcase classname="com.DemoTest.Tests.WebDemoTest" name="Loginother" time="27.790"/>
  <testcase classname="com.DemoTest.Tests.WebDemoTest" name="Loginother" time="24.281"/>
  <testcase classname="com.DemoTest.Tests.WebDemoTest" name="Loginother" time="26.808"/>
  <testcase classname="com.DemoTest.Tests.WebDemoTest" name="Login" time="27.957"/>
  <testcase classname="com.DemoTest.Tests.WebDemoTest" name="Loginother" time="27.220"/>
  <testcase classname="com.DemoTest.Tests.WebDemoTest" name="Login" time="31.034"/>
  <testcase classname="com.DemoTest.Tests.WebDemoTest" name="Loginother" time="35.473"/>
  <testcase classname="com.DemoTest.Tests.WebDemoTest" name="Loginother" time="35.443"/>
</testsuite> <!-- com.DemoTest.Tests.WebDemoTest -->
