<?xml version="1.0" encoding="UTF-8"?>
<!-- Generated by org.testng.reporters.JUnitReportReporter -->
<testsuite hostname="SL-1155.attlocal.net" failures="0" tests="12" name="com.DemoTest.Tests.WebDemoTest" time="359.305" errors="0" timestamp="21 Feb 2019 15:06:16 GMT">
  <testcase classname="com.DemoTest.Tests.WebDemoTest" name="Loginother" time="23.784"/>
  <testcase classname="com.DemoTest.Tests.WebDemoTest" name="Loginother" time="43.987"/>
  <testcase classname="com.DemoTest.Tests.WebDemoTest" name="Loginother" time="24.296"/>
  <testcase classname="com.DemoTest.Tests.WebDemoTest" name="Loginother" time="27.010"/>
  <testcase classname="com.DemoTest.Tests.WebDemoTest" name="Loginother" time="26.030"/>
  <testcase classname="com.DemoTest.Tests.WebDemoTest" name="Login" time="31.128"/>
  <testcase classname="com.DemoTest.Tests.WebDemoTest" name="Loginother" time="34.524"/>
  <testcase classname="com.DemoTest.Tests.WebDemoTest" name="Loginother" time="26.245"/>
  <testcase classname="com.DemoTest.Tests.WebDemoTest" name="Login" time="35.292"/>
  <testcase classname="com.DemoTest.Tests.WebDemoTest" name="Loginother" time="25.746"/>
  <testcase classname="com.DemoTest.Tests.WebDemoTest" name="Loginother" time="29.610"/>
  <testcase classname="com.DemoTest.Tests.WebDemoTest" name="Login" time="31.653"/>
</testsuite> <!-- com.DemoTest.Tests.WebDemoTest -->
