<?xml version="1.0" encoding="UTF-8"?>
<!-- Generated by org.testng.reporters.JUnitReportReporter -->
<testsuite hostname="SL-1155.local" failures="0" tests="6" name="com.DemoTest.Tests.WebDemoTest" time="126.100" errors="0" timestamp="21 Aug 2019 20:41:09 GMT">
  <testcase classname="com.DemoTest.Tests.WebDemoTest" name="Login" time="20.047"/>
  <testcase classname="com.DemoTest.Tests.WebDemoTest" name="Login" time="20.029"/>
  <testcase classname="com.DemoTest.Tests.WebDemoTest" name="Login" time="22.290"/>
  <testcase classname="com.DemoTest.Tests.WebDemoTest" name="Login" time="23.456"/>
  <testcase classname="com.DemoTest.Tests.WebDemoTest" name="Login" time="22.049"/>
  <testcase classname="com.DemoTest.Tests.WebDemoTest" name="Login" time="18.229"/>
</testsuite> <!-- com.DemoTest.Tests.WebDemoTest -->
