<?xml version="1.0" encoding="UTF-8"?>
<!-- Generated by org.testng.reporters.JUnitReportReporter -->
<testsuite hostname="SL-1246" failures="0" tests="1" name="com.DemoTest.Tests.WebDemoTest" time="43.984" errors="0" timestamp="1 Apr 2020 14:47:20 GMT">
  <testcase classname="com.DemoTest.Tests.WebDemoTest" name="pageValidationEmulator" time="43.984"/>
</testsuite> <!-- com.DemoTest.Tests.WebDemoTest -->
