<?xml version="1.0" encoding="UTF-8"?>
<!-- Generated by org.testng.reporters.JUnitReportReporter -->
<testsuite hostname="SL-1155.attlocal.net" failures="0" tests="12" name="com.DemoTest.Tests.WebDemoTest" time="315.898" errors="0" timestamp="30 Apr 2019 14:20:44 GMT">
  <testcase classname="com.DemoTest.Tests.WebDemoTest" name="Loginother" time="22.569"/>
  <testcase classname="com.DemoTest.Tests.WebDemoTest" name="Loginother" time="22.001"/>
  <testcase classname="com.DemoTest.Tests.WebDemoTest" name="Loginother" time="22.701"/>
  <testcase classname="com.DemoTest.Tests.WebDemoTest" name="Loginother" time="22.113"/>
  <testcase classname="com.DemoTest.Tests.WebDemoTest" name="Loginother" time="25.120"/>
  <testcase classname="com.DemoTest.Tests.WebDemoTest" name="Login" time="30.689"/>
  <testcase classname="com.DemoTest.Tests.WebDemoTest" name="Login" time="31.210"/>
  <testcase classname="com.DemoTest.Tests.WebDemoTest" name="Loginother" time="23.899"/>
  <testcase classname="com.DemoTest.Tests.WebDemoTest" name="Login" time="36.499"/>
  <testcase classname="com.DemoTest.Tests.WebDemoTest" name="Loginother" time="29.653"/>
  <testcase classname="com.DemoTest.Tests.WebDemoTest" name="Loginother" time="22.297"/>
  <testcase classname="com.DemoTest.Tests.WebDemoTest" name="Loginother" time="27.147"/>
</testsuite> <!-- com.DemoTest.Tests.WebDemoTest -->
